<?xml version="1.0" encoding="UTF-8"?>
<!-- Generated by org.testng.reporters.JUnitReportReporter -->
<testsuite skipped="0" hostname="Shubha4150-01" name="com.nagp.seleniumassignment2.testcases.CruisesTest" tests="1" failures="0" timestamp="10 Apr 2020 12:21:19 GMT" time="1.327" errors="0">
  <testcase name="cruiseInfo" time="1.327" classname="com.nagp.seleniumassignment2.testcases.CruisesTest"/>
</testsuite> <!-- com.nagp.seleniumassignment2.testcases.CruisesTest -->
