<?xml version="1.0" encoding="UTF-8"?>
<!-- Generated by org.testng.reporters.JUnitReportReporter -->
<testsuite skipped="0" hostname="Shubha4150-01" name="com.nagp.seleniumassignment2.testcases.OrderPlaceTest" tests="1" failures="0" timestamp="04 Apr 2020 11:08:56 GMT" time="0.004" errors="0">
  <testcase name="orderPlace" time="0.004" classname="com.nagp.seleniumassignment2.testcases.OrderPlaceTest"/>
</testsuite> <!-- com.nagp.seleniumassignment2.testcases.OrderPlaceTest -->
