<?xml version="1.0" encoding="UTF-8"?>
<!-- Generated by org.testng.reporters.JUnitReportReporter -->
<testsuite skipped="0" hostname="Shubha4150-01" name="com.nagp.seleniumassignment2.testcases.RegisterUser" tests="1" failures="0" timestamp="10 Apr 2020 12:20:28 GMT" time="3.091" errors="0">
  <testcase name="RegisteraNewUser" time="3.091" classname="com.nagp.seleniumassignment2.testcases.RegisterUser"/>
</testsuite> <!-- com.nagp.seleniumassignment2.testcases.RegisterUser -->
